<?xml version="1.0" encoding="UTF-8"?>
<robot generator="Robot 3.2.2 (Python 3.9.0 on win32)" generated="20201111 21:11:40.936" rpa="false">
<suite id="s1" name="HappyRegistro" source="C:\Users\Mariana\Documents\NetBeansProjects\Suite\HappyRegistro.robot">
<test id="s1-t1" name="G010 Registro de usuario correctamente">
<kw name="Open Browser" library="Selenium2Library">
<doc>Opens a new browser instance to the optional ``url``.</doc>
<arguments>
<arg>http://localhost:36963/PPI/index.jsp</arg>
<arg>chrome</arg>
</arguments>
<msg timestamp="20201111 21:11:45.723" level="INFO">Opening browser 'chrome' to base url 'http://localhost:36963/PPI/index.jsp'.</msg>
<status status="PASS" starttime="20201111 21:11:45.722" endtime="20201111 21:12:26.817"></status>
</kw>
<kw name="Click Element" library="Selenium2Library">
<doc>Click the element identified by ``locator``.</doc>
<arguments>
<arg>xpath=/html/body/header/div/nav/div/div[2]/div/ul/li[4]/a</arg>
</arguments>
<msg timestamp="20201111 21:12:27.166" level="INFO">Clicking element 'xpath=/html/body/header/div/nav/div/div[2]/div/ul/li[4]/a'.</msg>
<status status="PASS" starttime="20201111 21:12:27.165" endtime="20201111 21:12:31.062"></status>
</kw>
<kw name="Input Text" library="Selenium2Library">
<doc>Types the given ``text`` into the text field identified by ``locator``.</doc>
<arguments>
<arg>xpath=/html/body/center/div/form/input[1]</arg>
<arg>1000232129</arg>
</arguments>
<msg timestamp="20201111 21:12:31.143" level="INFO">Typing text '1000232129' into text field 'xpath=/html/body/center/div/form/input[1]'.</msg>
<status status="PASS" starttime="20201111 21:12:31.142" endtime="20201111 21:12:32.488"></status>
</kw>
<kw name="Input Text" library="Selenium2Library">
<doc>Types the given ``text`` into the text field identified by ``locator``.</doc>
<arguments>
<arg>xpath=/html/body/center/div/form/input[2]</arg>
<arg>Jose Arturo</arg>
</arguments>
<msg timestamp="20201111 21:12:32.527" level="INFO">Typing text 'Jose Arturo' into text field 'xpath=/html/body/center/div/form/input[2]'.</msg>
<status status="PASS" starttime="20201111 21:12:32.527" endtime="20201111 21:12:33.193"></status>
</kw>
<kw name="Input Text" library="Selenium2Library">
<doc>Types the given ``text`` into the text field identified by ``locator``.</doc>
<arguments>
<arg>xpath=/html/body/center/div/form/input[3]</arg>
<arg>Gimenez Morales</arg>
</arguments>
<msg timestamp="20201111 21:12:33.196" level="INFO">Typing text 'Gimenez Morales' into text field 'xpath=/html/body/center/div/form/input[3]'.</msg>
<status status="PASS" starttime="20201111 21:12:33.195" endtime="20201111 21:12:33.693"></status>
</kw>
<kw name="Input Text" library="Selenium2Library">
<doc>Types the given ``text`` into the text field identified by ``locator``.</doc>
<arguments>
<arg>xpath=/html/body/center/div/form/input[4]</arg>
<arg>310231123</arg>
</arguments>
<msg timestamp="20201111 21:12:33.712" level="INFO">Typing text '310231123' into text field 'xpath=/html/body/center/div/form/input[4]'.</msg>
<status status="PASS" starttime="20201111 21:12:33.711" endtime="20201111 21:12:34.177"></status>
</kw>
<kw name="Input Text" library="Selenium2Library">
<doc>Types the given ``text`` into the text field identified by ``locator``.</doc>
<arguments>
<arg>xpath=/html/body/center/div/form/input[5]</arg>
<arg>joseart@gmail.com</arg>
</arguments>
<msg timestamp="20201111 21:12:34.180" level="INFO">Typing text 'joseart@gmail.com' into text field 'xpath=/html/body/center/div/form/input[5]'.</msg>
<status status="PASS" starttime="20201111 21:12:34.179" endtime="20201111 21:12:35.018"></status>
</kw>
<kw name="Input Text" library="Selenium2Library">
<doc>Types the given ``text`` into the text field identified by ``locator``.</doc>
<arguments>
<arg>xpath=/html/body/center/div/form/input[6]</arg>
<arg>123456789</arg>
</arguments>
<msg timestamp="20201111 21:12:35.023" level="INFO">Typing text '123456789' into text field 'xpath=/html/body/center/div/form/input[6]'.</msg>
<status status="PASS" starttime="20201111 21:12:35.022" endtime="20201111 21:12:35.399"></status>
</kw>
<kw name="Input Text" library="Selenium2Library">
<doc>Types the given ``text`` into the text field identified by ``locator``.</doc>
<arguments>
<arg>xpath=/html/body/center/div/form/input[7]</arg>
<arg>123456789</arg>
</arguments>
<msg timestamp="20201111 21:12:35.402" level="INFO">Typing text '123456789' into text field 'xpath=/html/body/center/div/form/input[7]'.</msg>
<status status="PASS" starttime="20201111 21:12:35.401" endtime="20201111 21:12:36.289"></status>
</kw>
<kw name="Click Element" library="Selenium2Library">
<doc>Click the element identified by ``locator``.</doc>
<arguments>
<arg>xpath=/html/body/center/div/form/a</arg>
</arguments>
<msg timestamp="20201111 21:12:36.315" level="INFO">Clicking element 'xpath=/html/body/center/div/form/a'.</msg>
<kw name="Capture Page Screenshot" library="Selenium2Library">
<doc>Takes a screenshot of the current page and embeds it into a log file.</doc>
<msg timestamp="20201111 21:12:36.991" level="INFO" html="yes">&lt;/td&gt;&lt;/tr&gt;&lt;tr&gt;&lt;td colspan="3"&gt;&lt;a href="selenium-screenshot-2.png"&gt;&lt;img src="selenium-screenshot-2.png" width="800px"&gt;&lt;/a&gt;</msg>
<status status="PASS" starttime="20201111 21:12:36.418" endtime="20201111 21:12:36.992"></status>
</kw>
<msg timestamp="20201111 21:12:37.142" level="FAIL">Element with locator 'xpath=/html/body/center/div/form/a' not found.</msg>
<status status="FAIL" starttime="20201111 21:12:36.314" endtime="20201111 21:12:37.142"></status>
</kw>
<status status="FAIL" starttime="20201111 21:11:45.717" endtime="20201111 21:12:37.145" critical="yes">Element with locator 'xpath=/html/body/center/div/form/a' not found.</status>
</test>
<doc>Existe en un documento de texto los pasos manuales
Esta es mi segunda automatizacion</doc>
<status status="FAIL" starttime="20201111 21:11:40.965" endtime="20201111 21:12:37.151"></status>
</suite>
<statistics>
<total>
<stat pass="0" fail="1">Critical Tests</stat>
<stat pass="0" fail="1">All Tests</stat>
</total>
<tag>
</tag>
<suite>
<stat pass="0" fail="1" id="s1" name="HappyRegistro">HappyRegistro</stat>
</suite>
</statistics>
<errors>
</errors>
</robot>
